C:\Users\HP\Desktop\Yeni klasör\REPYS\RADPYS-1>pytest -v
=========================================================================================================== test session starts ============================================================================================================
platform win32 -- Python 3.12.4, pytest-8.2.0, pluggy-1.5.0 -- C:\Users\HP\Desktop\Yeni klasör\WPy64-31241\python-3.12.4.amd64\python.exe
cachedir: .pytest_cache
hypothesis profile 'default' -> database=DirectoryBasedExampleDatabase(WindowsPath('C:/Users/HP/Desktop/Yeni klasör/REPYS/RADPYS-1/.hypothesis/examples'))
PySide6 6.10.1 -- Qt runtime 6.10.1 -- Qt compiled 6.10.1
rootdir: C:\Users\HP\Desktop\Yeni klasör\REPYS\RADPYS-1
plugins: anyio-4.4.0, dash-2.17.0, hypothesis-6.100.5, jaxtyping-0.2.22, cov-7.0.0, qt-4.5.0, typeguard-2.13.3
collected 221 items

tests/test_auth_service.py::TestGiris::test_admin_giris_basarili PASSED                                                                                                                                                               [  0%]
tests/test_auth_service.py::TestGiris::test_ilk_giris_sifre_degistirme_sonrasi_yeni_parola_ile_girer PASSED                                                                                                                           [  0%]
tests/test_auth_service.py::TestGiris::test_hatali_parola PASSED                                                                                                                                                                      [  1%]
tests/test_auth_service.py::TestKullaniciYonetimi::test_admin_kullanici_ekleyebilir PASSED                                                                                                                                            [  1%]
tests/test_auth_service.py::TestKullaniciYonetimi::test_ayni_ad_ile_eklenemez PASSED                                                                                                                                                  [  2%]
tests/test_auth_service.py::TestKullaniciYonetimi::test_normal_kullanici_ekleyemez PASSED                                                                                                                                             [  2%]
tests/test_auth_service.py::TestKullaniciYonetimi::test_yonetici_listeleyebilir_ama_ekleyemez PASSED                                                                                                                                  [  3%]
tests/test_auth_service.py::TestKullaniciYonetimi::test_admin_rol_gunceller PASSED                                                                                                                                                    [  3%]
tests/test_auth_service.py::TestKullaniciYonetimi::test_admin_pasife_alir_ve_aktif_eder PASSED                                                                                                                                        [  4%]
tests/test_auth_service.py::TestKullaniciYonetimi::test_yeni_kullanici_ilk_giriste_sifre_degistirir PASSED                                                                                                                            [  4%]
tests/test_auth_service.py::TestKullaniciYonetimi::test_yeni_eklenen_role_kullanici_eklenebilir PASSED                                                                                                                                [  4%]
tests/test_auth_usecases.py::TestKullaniciEkleUseCase::test_basarili PASSED                                                                                                                                                           [  5%]
tests/test_auth_usecases.py::TestKullaniciEkleUseCase::test_gecersiz_rol PASSED                                                                                                                                                       [  5%]
tests/test_auth_usecases.py::TestKullaniciEkleUseCase::test_tekrarli_ad PASSED                                                                                                                                                        [  6%]
tests/test_auth_usecases.py::TestKullaniciGuncelleUseCase::test_rol_gunceller PASSED                                                                                                                                                  [  6%]
tests/test_auth_usecases.py::TestKullaniciGuncelleUseCase::test_aktiflik_gunceller PASSED                                                                                                                                             [  7%]
tests/test_bootstrap.py::test_dizinleri_olustur PASSED                                                                                                                                                                                [  7%]
tests/test_bootstrap.py::test_logging_kur_log_dosyasini_olusturur PASSED                                                                                                                                                              [  8%]
tests/test_bootstrap.py::test_veri_katmanini_hazirla_migration_ve_tablolar PASSED                                                                                                                                                     [  8%]
tests/test_database.py::TestDatabase::test_baglanti_acilir PASSED                                                                                                                                                                     [  9%]
tests/test_database.py::TestDatabase::test_fetchone_yok PASSED                                                                                                                                                                        [  9%]
tests/test_database.py::TestDatabase::test_fetchall_bos PASSED                                                                                                                                                                        [  9%]
tests/test_database.py::TestDatabase::test_insert_fetchone PASSED                                                                                                                                                                     [ 10%]
tests/test_database.py::TestDatabase::test_fetchval PASSED                                                                                                                                                                            [ 10%]
tests/test_database.py::TestDatabase::test_transaction_commit PASSED                                                                                                                                                                  [ 11%]
tests/test_database.py::TestDatabase::test_transaction_rollback PASSED                                                                                                                                                                [ 11%]
tests/test_database.py::TestDatabase::test_tablo_var_mi PASSED                                                                                                                                                                        [ 12%]
tests/test_database.py::TestDatabase::test_fk_aktif PASSED                                                                                                                                                                            [ 12%]
tests/test_database.py::TestMigrations::test_migration_calisiyor PASSED                                                                                                                                                               [ 13%]
tests/test_database.py::TestMigrations::test_tekrar_migration_zarar_vermez PASSED                                                                                                                                                     [ 13%]
tests/test_database.py::TestMigrations::test_seed_yuklendi PASSED                                                                                                                                                                     [ 14%]
tests/test_database.py::TestMigrations::test_gorev_yeri_seed PASSED                                                                                                                                                                   [ 14%]
tests/test_database.py::TestMigrations::test_tatil_seed PASSED                                                                                                                                                                        [ 14%]
tests/test_database.py::TestMigrations::test_versiyon_kayitlandi PASSED                                                                                                                                                               [ 15%]
tests/test_date_utils.py::TestParseDate::test_date_nesnesi PASSED                                                                                                                                                                     [ 15%]
tests/test_date_utils.py::TestParseDate::test_datetime_nesnesi PASSED                                                                                                                                                                 [ 16%]
tests/test_date_utils.py::TestParseDate::test_desteklenen_formatlar PASSED                                                                                                                                                            [ 16%]
tests/test_date_utils.py::TestParseDate::test_gecersiz_deger PASSED                                                                                                                                                                   [ 17%]
tests/test_date_utils.py::TestFormatters::test_to_db_date PASSED                                                                                                                                                                      [ 17%]
tests/test_date_utils.py::TestFormatters::test_to_db_date_parse_edilemezse_orijinal PASSED                                                                                                                                            [ 18%]
tests/test_date_utils.py::TestFormatters::test_to_ui_date PASSED                                                                                                                                                                      [ 18%]
tests/test_date_utils.py::TestFormatters::test_to_ui_date_fallback PASSED                                                                                                                                                             [ 19%]
tests/test_date_utils.py::TestHelpers::test_looks_like_date_column PASSED                                                                                                                                                             [ 19%]
tests/test_date_utils.py::TestHelpers::test_normalize_date_fields PASSED                                                                                                                                                              [ 19%]
tests/test_date_utils.py::TestHelpers::test_constants PASSED                                                                                                                                                                          [ 20%]
tests/test_dozimetre_service.py::test_personel_olcumleri_sadece_istenen_personeli_getirir PASSED                                                                                                                                      [ 20%]
tests/test_dozimetre_service.py::test_personel_olcumleri_yil_filtresi_uygular PASSED                                                                                                                                                  [ 21%]
tests/test_dozimetre_service.py::test_tum_olcumler_durum_hesaplar PASSED                                                                                                                                                              [ 21%]
tests/test_dozimetre_service.py::test_istatistikler_hesaplar PASSED                                                                                                                                                                   [ 22%]
tests/test_dozimetre_service.py::test_olcum_ekle_ve_mukerrer_atla PASSED                                                                                                                                                              [ 22%]
tests/test_fhsz_service.py::test_puantaj_rapor_kumulatif_hesap PASSED                                                                                                                                                                 [ 23%]
tests/test_fhsz_service.py::test_donem_hesapla_esik_oncesi_donem_hata PASSED                                                                                                                                                          [ 23%]
tests/test_fhsz_service.py::test_donem_hesapla_izin_kesisim_is_gunu PASSED                                                                                                                                                            [ 23%]
tests/test_fhsz_service.py::test_donem_hesapla_yarim_gun_tatil_duser PASSED                                                                                                                                                           [ 24%]
tests/test_fhsz_service.py::test_donem_hesapla_birim_gecmisinden_kosul_belirler PASSED                                                                                                                                                [ 24%]
tests/test_fix_mojibake.py::test_fix_python_docstrings_module_ve_fonksiyon_docstringlerini_duzeltir PASSED                                                                                                                            [ 25%]
tests/test_fix_mojibake.py::test_fix_content_python_dosyasinda_docstringleri_yakalar PASSED                                                                                                                                           [ 25%]
tests/test_izin_service.py::test_yillik_hak_hesapla_kademe PASSED                                                                                                                                                                     [ 26%]
tests/test_izin_service.py::test_yillik_limit_asiminda_hata PASSED                                                                                                                                                                    [ 26%]
tests/test_izin_service.py::test_ucretsiz_izin_personeli_pasif_yapar PASSED                                                                                                                                                           [ 27%]
tests/test_izin_service.py::test_sua_izni_hakki_olmayan_personelde_hata PASSED                                                                                                                                                        [ 27%]
tests/test_log_manager.py::test_log_statistics_toplam_boyut_hesaplar PASSED                                                                                                                                                           [ 28%]
tests/test_log_manager.py::test_cleanup_old_logs_eski_backup_siler PASSED                                                                                                                                                             [ 28%]
tests/test_log_manager.py::test_check_log_health_warning_doner PASSED                                                                                                                                                                 [ 28%]
tests/test_log_manager.py::test_configure_logging_ve_yardimci_loglar PASSED                                                                                                                                                           [ 29%]
tests/test_module_registry.py::TestRegistryYukleme::test_get_all_bos_degildir PASSED                                                                                                                                                  [ 29%]
tests/test_module_registry.py::TestRegistryYukleme::test_varsayilan_id_beklenen_deger PASSED                                                                                                                                          [ 30%]
tests/test_module_registry.py::TestRegistryYukleme::test_get_bolumler_bolum_ve_modul_icerir PASSED                                                                                                                                    [ 30%]
tests/test_module_registry.py::TestSayfaOlustur::test_bilinmeyen_modul_hata_firlatir PASSED                                                                                                                                           [ 31%]
tests/test_module_registry.py::TestSayfaOlustur::test_gecersiz_page_cls_hata_firlatir PASSED                                                                                                                                          [ 31%]
tests/test_module_registry.py::TestSayfaOlustur::test_oturum_parametresi_desteklemeyen_sinifa_fallback PASSED                                                                                                                         [ 32%]
tests/test_nobet_service.py::test_birimleri_gorev_yerinden_esitle_idempotent PASSED                                                                                                                                                   [ 32%]
tests/test_nobet_service.py::test_taslak_plan_olustur_ve_listele PASSED                                                                                                                                                               [ 33%]
tests/test_nobet_service.py::test_taslak_plan_olustur_mukerrer_hata PASSED                                                                                                                                                            [ 33%]
tests/test_nobet_service.py::test_taslak_plan_olustur_gecersiz_ay_hata PASSED                                                                                                                                                         [ 33%]
tests/test_nobet_service.py::test_birim_kural_kaydet_ve_getir PASSED                                                                                                                                                                  [ 34%]
tests/test_nobet_service.py::test_personel_kosul_kaydet_ve_listele PASSED                                                                                                                                                             [ 34%]
tests/test_nobet_service.py::test_sablon_ekle_ve_listele PASSED                                                                                                                                                                       [ 35%]
tests/test_nobet_service.py::test_sablon_pasife_al PASSED                                                                                                                                                                             [ 35%]
tests/test_nobet_service.py::test_sablon_birime_ata PASSED                                                                                                                                                                            [ 36%]
tests/test_nobet_service.py::test_sablon_birime_ata_idempotent_max_gunceller PASSED                                                                                                                                                   [ 36%]
tests/test_personel_service.py::TestEkle::test_basarili PASSED                                                                                                                                                                        [ 37%]
tests/test_personel_service.py::TestEkle::test_donus_id_db_de_var PASSED                                                                                                                                                              [ 37%]
tests/test_personel_service.py::TestEkle::test_ayni_tc_iki_kez_eklenemez PASSED                                                                                                                                                       [ 38%]
tests/test_personel_service.py::TestEkle::test_gecersiz_tc PASSED                                                                                                                                                                     [ 38%]
tests/test_personel_service.py::TestEkle::test_bos_ad PASSED                                                                                                                                                                          [ 38%]
tests/test_personel_service.py::TestEkle::test_bos_soyad PASSED                                                                                                                                                                       [ 39%]
tests/test_personel_service.py::TestEkle::test_tum_alanlar PASSED                                                                                                                                                                     [ 39%]
tests/test_personel_service.py::TestGetir::test_id_ile_getir PASSED                                                                                                                                                                   [ 40%]
tests/test_personel_service.py::TestGetir::test_olmayan_id PASSED                                                                                                                                                                     [ 40%]
tests/test_personel_service.py::TestGetir::test_tc_ile_getir PASSED                                                                                                                                                                   [ 41%]
tests/test_personel_service.py::TestGetir::test_olmayan_tc PASSED                                                                                                                                                                     [ 41%]
tests/test_personel_service.py::TestListele::test_bos_liste PASSED                                                                                                                                                                    [ 42%]
tests/test_personel_service.py::TestListele::test_iki_personel PASSED                                                                                                                                                                 [ 42%]
tests/test_personel_service.py::TestListele::test_soyad_sirasi PASSED                                                                                                                                                                 [ 42%]
tests/test_personel_service.py::TestListele::test_aktif_only_filtresi PASSED                                                                                                                                                          [ 43%]
tests/test_personel_service.py::TestGuncelle::test_alan_guncelleme PASSED                                                                                                                                                             [ 43%]
tests/test_personel_service.py::TestGuncelle::test_tc_degistirilemez PASSED                                                                                                                                                           [ 44%]
tests/test_personel_service.py::TestGuncelle::test_olmayan_personel PASSED                                                                                                                                                            [ 44%]
tests/test_personel_service.py::TestPasifeAl::test_pasif PASSED                                                                                                                                                                       [ 45%]
tests/test_personel_service.py::TestPasifeAl::test_zaten_ayrilmis PASSED                                                                                                                                                              [ 45%]
tests/test_personel_service.py::TestPasifeAl::test_gecersiz_tarih PASSED                                                                                                                                                              [ 46%]
tests/test_personel_service.py::TestSay::test_bos PASSED                                                                                                                                                                              [ 46%]
tests/test_personel_service.py::TestSay::test_iki_kayit PASSED                                                                                                                                                                        [ 47%]
tests/test_personel_service.py::TestSay::test_duruma_gore PASSED                                                                                                                                                                      [ 47%]
tests/test_personel_service.py::TestDropdown::test_hizmet_siniflari_dolu PASSED                                                                                                                                                       [ 47%]
tests/test_personel_service.py::TestDropdown::test_kadro_unvanlari_dolu PASSED                                                                                                                                                        [ 48%]
tests/test_personel_service.py::TestDropdown::test_gorev_yerleri_dolu PASSED                                                                                                                                                          [ 48%]
tests/test_personel_service.py::TestDropdown::test_gorev_yeri_sua_hakki PASSED                                                                                                                                                        [ 49%]
tests/test_personel_service.py::TestGorevGecmisi::test_gorev_gecmisi_cakismazsa_eklenir PASSED                                                                                                                                        [ 49%]
tests/test_personel_service.py::TestGorevGecmisi::test_gorev_gecmisi_cakisirsa_hata PASSED                                                                                                                                            [ 50%]
tests/test_personel_service.py::TestYetki::test_ekle_yetkisi_yoksa_hata PASSED                                                                                                                                                        [ 50%]
tests/test_personel_service.py::TestYetki::test_import_upsert_yetkisi_yoksa_hata PASSED                                                                                                                                               [ 51%]
tests/test_personel_usecases.py::TestPersonelEkleUseCase::test_basarili_ve_gorev_yeri_ad_cozumu PASSED                                                                                                                                [ 51%]
tests/test_personel_usecases.py::TestPersonelEkleUseCase::test_ayni_tc_tekrar_eklenemez PASSED                                                                                                                                        [ 52%]
tests/test_personel_usecases.py::TestPersonelEkleUseCase::test_gorev_yeri_varsa_gecmis_kaydi_acar PASSED                                                                                                                              [ 52%]
tests/test_personel_usecases.py::TestPersonelGuncelleUseCase::test_tc_ve_id_korunur PASSED                                                                                                                                            [ 52%]
tests/test_personel_usecases.py::TestPersonelGuncelleUseCase::test_gorev_yeri_degisiminde_gecmis_kaydi_kapanir_ve_yeni_acilir PASSED                                                                                                  [ 53%]
tests/test_personel_usecases.py::TestPersonelPasifeAlUseCase::test_pasife_alir PASSED                                                                                                                                                 [ 53%]
tests/test_personel_usecases.py::TestPersonelPasifeAlUseCase::test_zaten_ayrildiysa_hata PASSED                                                                                                                                       [ 54%]
tests/test_policy_service.py::TestModulSetiGetir::test_yonetici_varsayilan_izinleri_var PASSED                                                                                                                                        [ 54%]
tests/test_policy_service.py::TestModulSetiGetir::test_kullanici_varsayilan_izinleri_sinirli PASSED                                                                                                                                   [ 55%]
tests/test_policy_service.py::TestModulSetiGetir::test_olmayan_rol_none_doner PASSED                                                                                                                                                  [ 55%]
tests/test_policy_service.py::TestRolModulleriniKaydet::test_admin_yonetici_izinlerini_guncelleyebilir PASSED                                                                                                                         [ 56%]
tests/test_policy_service.py::TestRolModulleriniKaydet::test_admin_rolunu_guncellemek_yasak PASSED                                                                                                                                    [ 56%]
tests/test_policy_service.py::TestRolModulleriniKaydet::test_yetersiz_yetki_ile_guncelleme_yasak PASSED                                                                                                                               [ 57%]
tests/test_policy_service.py::TestRolModulleriniKaydet::test_bos_set_kaydedilebilir PASSED                                                                                                                                            [ 57%]
tests/test_policy_service.py::TestTumRolModulleri::test_tum_roller_donuyor PASSED                                                                                                                                                     [ 57%]
tests/test_policy_service.py::TestTumRolModulleri::test_admin_none_veya_dolu_set PASSED                                                                                                                                               [ 58%]
tests/test_policy_service.py::TestRolEkle::test_admin_yeni_rol_ekleyebilir PASSED                                                                                                                                                     [ 58%]
tests/test_policy_service.py::TestRolEkle::test_yeni_rol_kopya_rol_ile_eklenebilir PASSED                                                                                                                                             [ 59%]
tests/test_policy_service.py::TestRolEkle::test_ayni_rol_iki_kez_eklenemez PASSED                                                                                                                                                     [ 59%]
tests/test_policy_usecases.py::TestTumRolModulleriGetirUseCase::test_admin_none_doner PASSED                                                                                                                                          [ 60%]
tests/test_policy_usecases.py::TestTumRolModulleriGetirUseCase::test_kullanici_set_doner PASSED                                                                                                                                       [ 60%]
tests/test_policy_usecases.py::TestRolModulleriniKaydetUseCase::test_admin_rolu_icin_hata PASSED                                                                                                                                      [ 61%]
tests/test_policy_usecases.py::TestRolModulleriniKaydetUseCase::test_yonetici_icin_kayit PASSED                                                                                                                                       [ 61%]
tests/test_rbac.py::TestRbacModul::test_admin_tum_modulleri_gorur PASSED                                                                                                                                                              [ 61%]
tests/test_rbac.py::TestRbacModul::test_kullanici_sistem_modullerini_goremez PASSED                                                                                                                                                   [ 62%]
tests/test_rbac.py::TestRbacEylem::test_admin_personel_pasife_alabilir PASSED                                                                                                                                                         [ 62%]
tests/test_rbac.py::TestRbacEylem::test_yonetici_personel_pasife_alamaz PASSED                                                                                                                                                        [ 63%]
tests/test_rbac.py::TestRbacEylem::test_kullanici_personel_guncelleyemez PASSED                                                                                                                                                       [ 63%]
tests/test_rbac.py::TestRbacYardimcilar::test_rol_yoksa_kullanici_doner PASSED                                                                                                                                                        [ 64%]
tests/test_rbac.py::TestRbacYardimcilar::test_modul_haritasi_kopya_doner PASSED                                                                                                                                                       [ 64%]
tests/test_rbac.py::TestRbacYardimcilar::test_eylem_haritasi_kopya_doner PASSED                                                                                                                                                       [ 65%]
tests/test_rbac.py::TestRbacYardimcilar::test_kullanici_avatar_turkce_buyutme_kullanir PASSED                                                                                                                                         [ 65%]
tests/test_rbac.py::TestRbacYardimcilar::test_yetki_gerektir_yetki_yoksa_hata_firlatir PASSED                                                                                                                                         [ 66%]
tests/test_sabit_yonetim_service.py::test_lookup_ekle_guncelle_aktiflik PASSED                                                                                                                                                        [ 66%]
tests/test_sabit_yonetim_service.py::test_gorev_yeri_ekle_guncelle_aktiflik PASSED                                                                                                                                                    [ 66%]
tests/test_saglik_service.py::test_zorunlu_uzmanliklar_listesi PASSED                                                                                                                                                                 [ 67%]
tests/test_saglik_service.py::test_ilk_kayit_basarili PASSED                                                                                                                                                                          [ 67%]
tests/test_saglik_service.py::test_ayni_yil_ayni_uzmanlik_hata PASSED                                                                                                                                                                 [ 68%]
tests/test_saglik_service.py::test_ayni_yil_farkli_uzmanlik_basarili PASSED                                                                                                                                                           [ 68%]
tests/test_saglik_service.py::test_zorunlu_olmayan_uzmanlik_hata PASSED                                                                                                                                                               [ 69%]
tests/test_saglik_service.py::test_bir_yil_sonra_normal PASSED                                                                                                                                                                        [ 69%]
tests/test_saglik_service.py::test_bir_yil_sonra_29_subat PASSED                                                                                                                                                                      [ 70%]
tests/test_saglik_service.py::test_sonraki_tarih_otomatik_bir_yil PASSED                                                                                                                                                              [ 70%]
tests/test_saglik_service.py::test_personel_yil_uzmanlik_durumu_bos PASSED                                                                                                                                                            [ 71%]
tests/test_saglik_service.py::test_personel_yil_uzmanlik_durumu_tamam PASSED                                                                                                                                                          [ 71%]
tests/test_saglik_service.py::test_tek_rapor_kalitimi PASSED                                                                                                                                                                          [ 71%]
tests/test_saglik_service.py::test_muayene_sil PASSED                                                                                                                                                                                 [ 72%]
tests/test_saglik_service.py::test_muayene_sil_bos_id_hata PASSED                                                                                                                                                                     [ 72%]
tests/test_security_permissions.py::TestPermissions::test_has_permission_oturum_yetkilerinden_okur PASSED                                                                                                                             [ 73%]
tests/test_security_permissions.py::TestPermissions::test_has_permission_role_fallback_kullanir PASSED                                                                                                                                [ 73%]
tests/test_security_permissions.py::TestPermissions::test_require_permission_yoksa_hata_firlatir PASSED                                                                                                                               [ 74%]
tests/test_security_permissions.py::TestPolicy::test_is_admin_session PASSED                                                                                                                                                          [ 74%]
tests/test_security_permissions.py::TestPolicy::test_require_admin_session PASSED                                                                                                                                                     [ 75%]
tests/test_security_session.py::test_build_session_rol_ve_yetkileri_ekler PASSED                                                                                                                                                      [ 75%]
tests/test_security_session.py::test_build_session_rol_yoksa_kullanici_varsayilir PASSED                                                                                                                                              [ 76%]
tests/test_tatil_yonetim_service.py::test_tatil_ekle_ve_listele PASSED                                                                                                                                                                [ 76%]
tests/test_tatil_yonetim_service.py::test_tatil_tur_filtresi PASSED                                                                                                                                                                   [ 76%]
tests/test_tatil_yonetim_service.py::test_tatil_guncelle PASSED                                                                                                                                                                       [ 77%]
tests/test_tatil_yonetim_service.py::test_tatil_yarim_gun_kaydi PASSED                                                                                                                                                                [ 77%]
tests/test_tatil_yonetim_service.py::test_tatil_sil PASSED                                                                                                                                                                            [ 78%]
tests/test_tatil_yonetim_service.py::test_ayni_tarih_iki_kez_eklenemez PASSED                                                                                                                                                         [ 78%]
tests/test_tatil_yonetim_service.py::test_gecersiz_tarih_formati_reddedilir PASSED                                                                                                                                                    [ 79%]
tests/test_tatil_yonetim_service.py::test_gecersiz_tur_reddedilir PASSED                                                                                                                                                              [ 79%]
tests/test_tatil_yonetim_service.py::test_olmayan_kayit_guncellenemez PASSED                                                                                                                                                          [ 80%]
tests/test_tatil_yonetim_service.py::test_mevcut_yillar PASSED                                                                                                                                                                        [ 80%]
tests/test_text_utils.py::TestTurkceDonusumler::test_turkish_upper PASSED                                                                                                                                                             [ 80%]
tests/test_text_utils.py::TestTurkceDonusumler::test_turkish_lower PASSED                                                                                                                                                             [ 81%]
tests/test_text_utils.py::TestTurkceDonusumler::test_turkish_title_case PASSED                                                                                                                                                        [ 81%]
tests/test_text_utils.py::TestTurkceDonusumler::test_capitalize_first_letter PASSED                                                                                                                                                   [ 82%]
tests/test_text_utils.py::TestMetinTemizleme::test_normalize_whitespace PASSED                                                                                                                                                        [ 82%]
tests/test_text_utils.py::TestMetinTemizleme::test_format_phone_number PASSED                                                                                                                                                         [ 83%]
tests/test_text_utils.py::TestMetinTemizleme::test_sanitize_filename PASSED                                                                                                                                                           [ 83%]
tests/test_validators.py::TestTCDogrula::test_gecerli_tc PASSED                                                                                                                                                                       [ 84%]
tests/test_validators.py::TestTCDogrula::test_gecerli_tc_2 PASSED                                                                                                                                                                     [ 84%]
tests/test_validators.py::TestTCDogrula::test_kisa_tc PASSED                                                                                                                                                                          [ 85%]
tests/test_validators.py::TestTCDogrula::test_uzun_tc PASSED                                                                                                                                                                          [ 85%]
tests/test_validators.py::TestTCDogrula::test_bos_tc PASSED                                                                                                                                                                           [ 85%]
tests/test_validators.py::TestTCDogrula::test_ilk_rakam_sifir PASSED                                                                                                                                                                  [ 86%]
tests/test_validators.py::TestTCDogrula::test_harf_iceren PASSED                                                                                                                                                                      [ 86%]
tests/test_validators.py::TestTCDogrula::test_tamami_sifir PASSED                                                                                                                                                                     [ 87%]
tests/test_validators.py::TestTCDogrula::test_veya_hata_gecerli PASSED                                                                                                                                                                [ 87%]
tests/test_validators.py::TestTCDogrula::test_veya_hata_gecersiz PASSED                                                                                                                                                               [ 88%]
tests/test_validators.py::TestTarih::test_iso_parse PASSED                                                                                                                                                                            [ 88%]
tests/test_validators.py::TestTarih::test_turkce_parse PASSED                                                                                                                                                                         [ 89%]
tests/test_validators.py::TestTarih::test_none_parse PASSED                                                                                                                                                                           [ 89%]
tests/test_validators.py::TestTarih::test_gecersiz_parse PASSED                                                                                                                                                                       [ 90%]
tests/test_validators.py::TestTarih::test_format_iso PASSED                                                                                                                                                                           [ 90%]
tests/test_validators.py::TestTarih::test_format_ui PASSED                                                                                                                                                                            [ 90%]
tests/test_validators.py::TestTarih::test_format_none PASSED                                                                                                                                                                          [ 91%]
tests/test_validators.py::TestTarih::test_bitis_hesapla_1_gun PASSED                                                                                                                                                                  [ 91%]
tests/test_validators.py::TestTarih::test_bitis_hesapla_5_gun PASSED                                                                                                                                                                  [ 92%]
tests/test_validators.py::TestTarih::test_is_gunu_say_hafta_ici PASSED                                                                                                                                                                [ 92%]
tests/test_validators.py::TestTarih::test_is_gunu_say_hafta_sonu_haric PASSED                                                                                                                                                         [ 93%]
tests/test_validators.py::TestTarih::test_is_gunu_say_tatil_haric PASSED                                                                                                                                                              [ 93%]
tests/test_validators.py::TestGenel::test_zorunlu_dolu PASSED                                                                                                                                                                         [ 94%]
tests/test_validators.py::TestGenel::test_zorunlu_bos PASSED                                                                                                                                                                          [ 94%]
tests/test_validators.py::TestGenel::test_pozitif_sayi PASSED                                                                                                                                                                         [ 95%]
tests/test_validators.py::TestGenel::test_pozitif_sayi_sifir PASSED                                                                                                                                                                   [ 95%]
tests/test_validators.py::TestGenel::test_pozitif_sayi_negatif PASSED                                                                                                                                                                 [ 95%]
tests/test_validators.py::TestGenel::test_to_float PASSED                                                                                                                                                                             [ 96%]
tests/test_validators.py::TestGenel::test_to_int PASSED                                                                                                                                                                               [ 96%]
tests/test_validators.py::TestEkDogrulayicilar::test_email_dogrula PASSED                                                                                                                                                             [ 97%]
tests/test_validators.py::TestEkDogrulayicilar::test_telefon_dogrula PASSED                                                                                                                                                           [ 97%]
tests/test_validators.py::TestEkDogrulayicilar::test_bos_degil PASSED                                                                                                                                                                 [ 98%]
tests/test_validators.py::TestEkDogrulayicilar::test_uzunluk_dogrula PASSED                                                                                                                                                           [ 98%]
tests/test_validators.py::TestEkDogrulayicilar::test_sayisal_dogrula PASSED                                                                                                                                                           [ 99%]
tests/test_validators.py::TestEkDogrulayicilar::test_alfasayisal_dogrula PASSED                                                                                                                                                       [ 99%]
tests/test_validators.py::TestEkDogrulayicilar::test_tarih_format_dogrula PASSED                                                                                                                                                      [100%]

====================================================================================================== 221 passed in 97.56s (0:01:37) ======================================================================================================